<?xml version="1.0" encoding="UTF-8"?>
<!-- Generated by org.testng.reporters.JUnitXMLReporter -->
<testsuite ignored="0" hostname="LAPTOP-38EMVC01" failures="1" tests="5" name="EmployeesRestAPITest" time="4.385" errors="0" timestamp="2020-12-22T15:06:57 EST">
  <testcase classname="com.restapi.testCases.TC001_GET_Request" name="getemployeesDetails" time="1.697"/>
  <testcase classname="com.restapi.testCases.TC002_POST_Request" name="createNewRecord" time="1.151"/>
  <testcase classname="com.restapi.testCases.TC003_GET_Request" name="getSingleemployeesDetail" time="0.626">
    <failure type="java.lang.AssertionError" message="expected [application/json] but found [text/html; charset=UTF-8]">
      <![CDATA[java.lang.AssertionError: expected [application/json] but found [text/html; charset=UTF-8]
at com.restapi.testCases.TC003_GET_Request.getSingleemployeesDetail(TC003_GET_Request.java:39)
at java.base/java.util.ArrayList.forEach(ArrayList.java:1511)
... Removed 33 stack frames]]>
    </failure>
  </testcase> <!-- getSingleemployeesDetail -->
  <testcase classname="com.restapi.testCases.TC004_GET_PrintAllHeaders" name="getSingleemployeesDetail" time="0.608"/>
  <testcase classname="com.restapi.testCases.TC005_GET_ExtractValuesOfEachNodeInJSON" name="getemployeesDetails" time="0.248"/>
</testsuite> <!-- EmployeesRestAPITest -->
